Analysis & Synthesis report for b
Tue Oct  1 12:58:23 2024
Quartus Prime Version 21.1.0 Build 842 10/21/2021 SJ Lite Edition


---------------------
; Table of Contents ;
---------------------
  1. Legal Notice
  2. Analysis & Synthesis Summary
  3. Analysis & Synthesis Settings
  4. Parallel Compilation
  5. Analysis & Synthesis Source Files Read
  6. Analysis & Synthesis Resource Usage Summary
  7. Analysis & Synthesis Resource Utilization by Entity
  8. State Machine - |MainSystem|state
  9. Registers Removed During Synthesis
 10. General Register Statistics
 11. Inverted Register Statistics
 12. Multiplexer Restructuring Statistics (Restructuring Performed)
 13. Parameter Settings for User Entity Instance: contador:counter05
 14. Parameter Settings for User Entity Instance: contador:counter15
 15. Parameter Settings for User Entity Instance: contador:counter_low
 16. Port Connectivity Checks: "contador:counter_low"
 17. Port Connectivity Checks: "contador:counter15"
 18. Port Connectivity Checks: "contador:counter05"
 19. Port Connectivity Checks: "shifter:shift"
 20. Post-Synthesis Netlist Statistics for Top Partition
 21. Elapsed Time Per Partition
 22. Analysis & Synthesis Messages



----------------
; Legal Notice ;
----------------
Copyright (C) 2021  Intel Corporation. All rights reserved.
Your use of Intel Corporation's design tools, logic functions 
and other software and tools, and any partner logic 
functions, and any output files from any of the foregoing 
(including device programming or simulation files), and any 
associated documentation or information are expressly subject 
to the terms and conditions of the Intel Program License 
Subscription Agreement, the Intel Quartus Prime License Agreement,
the Intel FPGA IP License Agreement, or other applicable license
agreement, including, without limitation, that your use is for
the sole purpose of programming logic devices manufactured by
Intel and sold by Intel or its authorized distributors.  Please
refer to the applicable agreement for further details, at
https://fpgasoftware.intel.com/eula.



+-------------------------------------------------------------------------------+
; Analysis & Synthesis Summary                                                  ;
+---------------------------------+---------------------------------------------+
; Analysis & Synthesis Status     ; Successful - Tue Oct  1 12:58:23 2024       ;
; Quartus Prime Version           ; 21.1.0 Build 842 10/21/2021 SJ Lite Edition ;
; Revision Name                   ; b                                           ;
; Top-level Entity Name           ; MainSystem                                  ;
; Family                          ; Cyclone V                                   ;
; Logic utilization (in ALMs)     ; N/A                                         ;
; Total registers                 ; 119                                         ;
; Total pins                      ; 7                                           ;
; Total virtual pins              ; 0                                           ;
; Total block memory bits         ; 0                                           ;
; Total DSP Blocks                ; 0                                           ;
; Total HSSI RX PCSs              ; 0                                           ;
; Total HSSI PMA RX Deserializers ; 0                                           ;
; Total HSSI TX PCSs              ; 0                                           ;
; Total HSSI PMA TX Serializers   ; 0                                           ;
; Total PLLs                      ; 0                                           ;
; Total DLLs                      ; 0                                           ;
+---------------------------------+---------------------------------------------+


+---------------------------------------------------------------------------------------------------------------------------+
; Analysis & Synthesis Settings                                                                                             ;
+---------------------------------------------------------------------------------+--------------------+--------------------+
; Option                                                                          ; Setting            ; Default Value      ;
+---------------------------------------------------------------------------------+--------------------+--------------------+
; Device                                                                          ; 5CEBA4F23C7        ;                    ;
; Top-level entity name                                                           ; MainSystem         ; b                  ;
; Family name                                                                     ; Cyclone V          ; Cyclone V          ;
; Use smart compilation                                                           ; Off                ; Off                ;
; Enable parallel Assembler and Timing Analyzer during compilation                ; On                 ; On                 ;
; Enable compact report table                                                     ; Off                ; Off                ;
; Restructure Multiplexers                                                        ; Auto               ; Auto               ;
; MLAB Add Timing Constraints For Mixed-Port Feed-Through Mode Setting Don't Care ; Off                ; Off                ;
; Create Debugging Nodes for IP Cores                                             ; Off                ; Off                ;
; Preserve fewer node names                                                       ; On                 ; On                 ;
; Intel FPGA IP Evaluation Mode                                                   ; Enable             ; Enable             ;
; Verilog Version                                                                 ; Verilog_2001       ; Verilog_2001       ;
; VHDL Version                                                                    ; VHDL_1993          ; VHDL_1993          ;
; State Machine Processing                                                        ; Auto               ; Auto               ;
; Safe State Machine                                                              ; Off                ; Off                ;
; Extract Verilog State Machines                                                  ; On                 ; On                 ;
; Extract VHDL State Machines                                                     ; On                 ; On                 ;
; Ignore Verilog initial constructs                                               ; Off                ; Off                ;
; Iteration limit for constant Verilog loops                                      ; 5000               ; 5000               ;
; Iteration limit for non-constant Verilog loops                                  ; 250                ; 250                ;
; Add Pass-Through Logic to Inferred RAMs                                         ; On                 ; On                 ;
; Infer RAMs from Raw Logic                                                       ; On                 ; On                 ;
; Parallel Synthesis                                                              ; On                 ; On                 ;
; DSP Block Balancing                                                             ; Auto               ; Auto               ;
; NOT Gate Push-Back                                                              ; On                 ; On                 ;
; Power-Up Don't Care                                                             ; On                 ; On                 ;
; Remove Redundant Logic Cells                                                    ; Off                ; Off                ;
; Remove Duplicate Registers                                                      ; On                 ; On                 ;
; Ignore CARRY Buffers                                                            ; Off                ; Off                ;
; Ignore CASCADE Buffers                                                          ; Off                ; Off                ;
; Ignore GLOBAL Buffers                                                           ; Off                ; Off                ;
; Ignore ROW GLOBAL Buffers                                                       ; Off                ; Off                ;
; Ignore LCELL Buffers                                                            ; Off                ; Off                ;
; Ignore SOFT Buffers                                                             ; On                 ; On                 ;
; Limit AHDL Integers to 32 Bits                                                  ; Off                ; Off                ;
; Optimization Technique                                                          ; Balanced           ; Balanced           ;
; Carry Chain Length                                                              ; 70                 ; 70                 ;
; Auto Carry Chains                                                               ; On                 ; On                 ;
; Auto Open-Drain Pins                                                            ; On                 ; On                 ;
; Perform WYSIWYG Primitive Resynthesis                                           ; Off                ; Off                ;
; Auto ROM Replacement                                                            ; On                 ; On                 ;
; Auto RAM Replacement                                                            ; On                 ; On                 ;
; Auto DSP Block Replacement                                                      ; On                 ; On                 ;
; Auto Shift Register Replacement                                                 ; Auto               ; Auto               ;
; Allow Shift Register Merging across Hierarchies                                 ; Auto               ; Auto               ;
; Auto Clock Enable Replacement                                                   ; On                 ; On                 ;
; Strict RAM Replacement                                                          ; Off                ; Off                ;
; Allow Synchronous Control Signals                                               ; On                 ; On                 ;
; Force Use of Synchronous Clear Signals                                          ; Off                ; Off                ;
; Auto Resource Sharing                                                           ; Off                ; Off                ;
; Allow Any RAM Size For Recognition                                              ; Off                ; Off                ;
; Allow Any ROM Size For Recognition                                              ; Off                ; Off                ;
; Allow Any Shift Register Size For Recognition                                   ; Off                ; Off                ;
; Use LogicLock Constraints during Resource Balancing                             ; On                 ; On                 ;
; Ignore translate_off and synthesis_off directives                               ; Off                ; Off                ;
; Timing-Driven Synthesis                                                         ; On                 ; On                 ;
; Report Parameter Settings                                                       ; On                 ; On                 ;
; Report Source Assignments                                                       ; On                 ; On                 ;
; Report Connectivity Checks                                                      ; On                 ; On                 ;
; Ignore Maximum Fan-Out Assignments                                              ; Off                ; Off                ;
; Synchronization Register Chain Length                                           ; 3                  ; 3                  ;
; Power Optimization During Synthesis                                             ; Normal compilation ; Normal compilation ;
; HDL message level                                                               ; Level2             ; Level2             ;
; Suppress Register Optimization Related Messages                                 ; Off                ; Off                ;
; Number of Removed Registers Reported in Synthesis Report                        ; 5000               ; 5000               ;
; Number of Swept Nodes Reported in Synthesis Report                              ; 5000               ; 5000               ;
; Number of Inverted Registers Reported in Synthesis Report                       ; 100                ; 100                ;
; Clock MUX Protection                                                            ; On                 ; On                 ;
; Auto Gated Clock Conversion                                                     ; Off                ; Off                ;
; Block Design Naming                                                             ; Auto               ; Auto               ;
; SDC constraint protection                                                       ; Off                ; Off                ;
; Synthesis Effort                                                                ; Auto               ; Auto               ;
; Shift Register Replacement - Allow Asynchronous Clear Signal                    ; On                 ; On                 ;
; Pre-Mapping Resynthesis Optimization                                            ; Off                ; Off                ;
; Analysis & Synthesis Message Level                                              ; Medium             ; Medium             ;
; Disable Register Merging Across Hierarchies                                     ; Auto               ; Auto               ;
; Resource Aware Inference For Block RAM                                          ; On                 ; On                 ;
; Automatic Parallel Synthesis                                                    ; On                 ; On                 ;
; Partial Reconfiguration Bitstream ID                                            ; Off                ; Off                ;
+---------------------------------------------------------------------------------+--------------------+--------------------+


+------------------------------------------+
; Parallel Compilation                     ;
+----------------------------+-------------+
; Processors                 ; Number      ;
+----------------------------+-------------+
; Number detected on machine ; 4           ;
; Maximum allowed            ; 4           ;
;                            ;             ;
; Average used               ; 1.00        ;
; Maximum used               ; 4           ;
;                            ;             ;
; Usage by Processor         ; % Time Used ;
;     Processor 1            ; 100.0%      ;
;     Processor 2            ;   0.0%      ;
;     Processors 3-4         ;   0.0%      ;
+----------------------------+-------------+


+------------------------------------------------------------------------------------------------------------------------------+
; Analysis & Synthesis Source Files Read                                                                                       ;
+----------------------------------+-----------------+-----------------+---------------------------------------------+---------+
; File Name with User-Entered Path ; Used in Netlist ; File Type       ; File Name with Absolute Path                ; Library ;
+----------------------------------+-----------------+-----------------+---------------------------------------------+---------+
; MainSystem.vhdl                  ; yes             ; User VHDL File  ; C:/Users/15645380/Desktop/b/MainSystem.vhdl ;         ;
; contador.vhdl                    ; yes             ; User VHDL File  ; C:/Users/15645380/Desktop/b/contador.vhdl   ;         ;
; shifter.vhdl                     ; yes             ; User VHDL File  ; C:/Users/15645380/Desktop/b/shifter.vhdl    ;         ;
+----------------------------------+-----------------+-----------------+---------------------------------------------+---------+


+---------------------------------------------------------+
; Analysis & Synthesis Resource Usage Summary             ;
+---------------------------------------------+-----------+
; Resource                                    ; Usage     ;
+---------------------------------------------+-----------+
; Estimate of Logic utilization (ALMs needed) ; 91        ;
;                                             ;           ;
; Combinational ALUT usage for logic          ; 156       ;
;     -- 7 input functions                    ; 0         ;
;     -- 6 input functions                    ; 26        ;
;     -- 5 input functions                    ; 9         ;
;     -- 4 input functions                    ; 7         ;
;     -- <=3 input functions                  ; 114       ;
;                                             ;           ;
; Dedicated logic registers                   ; 119       ;
;                                             ;           ;
; I/O pins                                    ; 7         ;
;                                             ;           ;
; Total DSP Blocks                            ; 0         ;
;                                             ;           ;
; Maximum fan-out node                        ; clk~input ;
; Maximum fan-out                             ; 119       ;
; Total fan-out                               ; 937       ;
; Average fan-out                             ; 3.24      ;
+---------------------------------------------+-----------+


+-----------------------------------------------------------------------------------------------------------------------------------------------------------------------------------------------------+
; Analysis & Synthesis Resource Utilization by Entity                                                                                                                                                 ;
+----------------------------+---------------------+---------------------------+-------------------+------------+------+--------------+----------------------------------+-------------+--------------+
; Compilation Hierarchy Node ; Combinational ALUTs ; Dedicated Logic Registers ; Block Memory Bits ; DSP Blocks ; Pins ; Virtual Pins ; Full Hierarchy Name              ; Entity Name ; Library Name ;
+----------------------------+---------------------+---------------------------+-------------------+------------+------+--------------+----------------------------------+-------------+--------------+
; |MainSystem                ; 156 (30)            ; 119 (19)                  ; 0                 ; 0          ; 7    ; 0            ; |MainSystem                      ; MainSystem  ; work         ;
;    |contador:counter05|    ; 39 (39)             ; 32 (32)                   ; 0                 ; 0          ; 0    ; 0            ; |MainSystem|contador:counter05   ; contador    ; work         ;
;    |contador:counter15|    ; 39 (39)             ; 32 (32)                   ; 0                 ; 0          ; 0    ; 0            ; |MainSystem|contador:counter15   ; contador    ; work         ;
;    |contador:counter_low|  ; 39 (39)             ; 32 (32)                   ; 0                 ; 0          ; 0    ; 0            ; |MainSystem|contador:counter_low ; contador    ; work         ;
;    |shifter:shift|         ; 9 (9)               ; 4 (4)                     ; 0                 ; 0          ; 0    ; 0            ; |MainSystem|shifter:shift        ; shifter     ; work         ;
+----------------------------+---------------------+---------------------------+-------------------+------------+------+--------------+----------------------------------+-------------+--------------+
Note: For table entries with two numbers listed, the numbers in parentheses indicate the number of resources of the given type used by the specific entity alone. The numbers listed outside of parentheses indicate the total resources of the given type used by the specific entity and all of its sub-entities in the hierarchy.


Encoding Type:  One-Hot
+------------------------------------------------------------------------------------------------+
; State Machine - |MainSystem|state                                                              ;
+-----------------+-------------+-----------------+----------------+----------------+------------+
; Name            ; state.SHIFT ; state.COUNT_LOW ; state.COUNT_15 ; state.COUNT_05 ; state.IDLE ;
+-----------------+-------------+-----------------+----------------+----------------+------------+
; state.IDLE      ; 0           ; 0               ; 0              ; 0              ; 0          ;
; state.COUNT_05  ; 0           ; 0               ; 0              ; 1              ; 1          ;
; state.COUNT_15  ; 0           ; 0               ; 1              ; 0              ; 1          ;
; state.COUNT_LOW ; 0           ; 1               ; 0              ; 0              ; 1          ;
; state.SHIFT     ; 1           ; 0               ; 0              ; 0              ; 1          ;
+-----------------+-------------+-----------------+----------------+----------------+------------+


+--------------------------------------------------------------------------------+
; Registers Removed During Synthesis                                             ;
+---------------------------------------+----------------------------------------+
; Register name                         ; Reason for Removal                     ;
+---------------------------------------+----------------------------------------+
; contador:counter_low|lento[0]         ; Stuck at GND due to stuck port data_in ;
; contador:counter15|lento[0]           ; Stuck at GND due to stuck port data_in ;
; contador:counter05|lento[0]           ; Stuck at GND due to stuck port data_in ;
; Total Number of Removed Registers = 3 ;                                        ;
+---------------------------------------+----------------------------------------+


+------------------------------------------------------+
; General Register Statistics                          ;
+----------------------------------------------+-------+
; Statistic                                    ; Value ;
+----------------------------------------------+-------+
; Total registers                              ; 119   ;
; Number of registers using Synchronous Clear  ; 93    ;
; Number of registers using Synchronous Load   ; 0     ;
; Number of registers using Asynchronous Clear ; 25    ;
; Number of registers using Asynchronous Load  ; 0     ;
; Number of registers using Clock Enable       ; 108   ;
; Number of registers using Preset             ; 0     ;
+----------------------------------------------+-------+


+--------------------------------------------------+
; Inverted Register Statistics                     ;
+----------------------------------------+---------+
; Inverted Register                      ; Fan out ;
+----------------------------------------+---------+
; reset_counter_low                      ; 3       ;
; reset_counter05                        ; 3       ;
; reset_counter15                        ; 3       ;
; reset_shifter                          ; 11      ;
; Total number of inverted registers = 4 ;         ;
+----------------------------------------+---------+


+------------------------------------------------------------------------------------------------------------------------------------------+
; Multiplexer Restructuring Statistics (Restructuring Performed)                                                                           ;
+--------------------+-----------+---------------+----------------------+------------------------+------------+----------------------------+
; Multiplexer Inputs ; Bus Width ; Baseline Area ; Area if Restructured ; Saving if Restructured ; Registered ; Example Multiplexer Output ;
+--------------------+-----------+---------------+----------------------+------------------------+------------+----------------------------+
; 9:1                ; 2 bits    ; 12 LEs        ; 6 LEs                ; 6 LEs                  ; No         ; |MainSystem|Selector10     ;
+--------------------+-----------+---------------+----------------------+------------------------+------------+----------------------------+


+-----------------------------------------------------------------+
; Parameter Settings for User Entity Instance: contador:counter05 ;
+----------------+----------+-------------------------------------+
; Parameter Name ; Value    ; Type                                ;
+----------------+----------+-------------------------------------+
; n              ; 1        ; Signed Integer                      ;
; k              ; 1        ; Unsigned Binary                     ;
; c              ; 25000000 ; Signed Integer                      ;
+----------------+----------+-------------------------------------+
Note: In order to hide this table in the UI and the text report file, please set the "Show Parameter Settings in Synthesis Report" option in "Analysis and Synthesis Settings -> More Settings" to "Off".


+-----------------------------------------------------------------+
; Parameter Settings for User Entity Instance: contador:counter15 ;
+----------------+----------+-------------------------------------+
; Parameter Name ; Value    ; Type                                ;
+----------------+----------+-------------------------------------+
; n              ; 1        ; Signed Integer                      ;
; k              ; 1        ; Unsigned Binary                     ;
; c              ; 75000000 ; Signed Integer                      ;
+----------------+----------+-------------------------------------+
Note: In order to hide this table in the UI and the text report file, please set the "Show Parameter Settings in Synthesis Report" option in "Analysis and Synthesis Settings -> More Settings" to "Off".


+-------------------------------------------------------------------+
; Parameter Settings for User Entity Instance: contador:counter_low ;
+----------------+---------+----------------------------------------+
; Parameter Name ; Value   ; Type                                   ;
+----------------+---------+----------------------------------------+
; n              ; 1       ; Signed Integer                         ;
; k              ; 1       ; Unsigned Binary                        ;
; c              ; 5000000 ; Signed Integer                         ;
+----------------+---------+----------------------------------------+
Note: In order to hide this table in the UI and the text report file, please set the "Show Parameter Settings in Synthesis Report" option in "Analysis and Synthesis Settings -> More Settings" to "Off".


+------------------------------------------------------------------------------------------------------------------+
; Port Connectivity Checks: "contador:counter_low"                                                                 ;
+--------+--------+----------+-------------------------------------------------------------------------------------+
; Port   ; Type   ; Severity ; Details                                                                             ;
+--------+--------+----------+-------------------------------------------------------------------------------------+
; output ; Output ; Info     ; Connected to dangling logic. Logic that only feeds a dangling port will be removed. ;
+--------+--------+----------+-------------------------------------------------------------------------------------+


+------------------------------------------------------------------------------------------------------------------+
; Port Connectivity Checks: "contador:counter15"                                                                   ;
+--------+--------+----------+-------------------------------------------------------------------------------------+
; Port   ; Type   ; Severity ; Details                                                                             ;
+--------+--------+----------+-------------------------------------------------------------------------------------+
; output ; Output ; Info     ; Connected to dangling logic. Logic that only feeds a dangling port will be removed. ;
+--------+--------+----------+-------------------------------------------------------------------------------------+


+------------------------------------------------------------------------------------------------------------------+
; Port Connectivity Checks: "contador:counter05"                                                                   ;
+--------+--------+----------+-------------------------------------------------------------------------------------+
; Port   ; Type   ; Severity ; Details                                                                             ;
+--------+--------+----------+-------------------------------------------------------------------------------------+
; output ; Output ; Info     ; Connected to dangling logic. Logic that only feeds a dangling port will be removed. ;
+--------+--------+----------+-------------------------------------------------------------------------------------+


+------------------------------------------------------------------------------------------------------------------------+
; Port Connectivity Checks: "shifter:shift"                                                                              ;
+--------------+--------+----------+-------------------------------------------------------------------------------------+
; Port         ; Type   ; Severity ; Details                                                                             ;
+--------------+--------+----------+-------------------------------------------------------------------------------------+
; input[0]     ; Input  ; Info     ; Stuck at GND                                                                        ;
; output[2..0] ; Output ; Info     ; Connected to dangling logic. Logic that only feeds a dangling port will be removed. ;
+--------------+--------+----------+-------------------------------------------------------------------------------------+


+-----------------------------------------------------+
; Post-Synthesis Netlist Statistics for Top Partition ;
+-----------------------+-----------------------------+
; Type                  ; Count                       ;
+-----------------------+-----------------------------+
; arriav_ff             ; 119                         ;
;     CLR               ; 10                          ;
;     ENA CLR           ; 15                          ;
;     ENA SCLR          ; 93                          ;
;     plain             ; 1                           ;
; arriav_lcell_comb     ; 156                         ;
;     arith             ; 93                          ;
;         1 data inputs ; 93                          ;
;     normal            ; 63                          ;
;         2 data inputs ; 10                          ;
;         3 data inputs ; 11                          ;
;         4 data inputs ; 7                           ;
;         5 data inputs ; 9                           ;
;         6 data inputs ; 26                          ;
; boundary_port         ; 7                           ;
;                       ;                             ;
; Max LUT depth         ; 4.00                        ;
; Average LUT depth     ; 2.90                        ;
+-----------------------+-----------------------------+


+-------------------------------+
; Elapsed Time Per Partition    ;
+----------------+--------------+
; Partition Name ; Elapsed Time ;
+----------------+--------------+
; Top            ; 00:00:00     ;
+----------------+--------------+


+-------------------------------+
; Analysis & Synthesis Messages ;
+-------------------------------+
Info: *******************************************************************
Info: Running Quartus Prime Analysis & Synthesis
    Info: Version 21.1.0 Build 842 10/21/2021 SJ Lite Edition
    Info: Processing started: Tue Oct  1 12:58:14 2024
Info: Command: quartus_map --read_settings_files=on --write_settings_files=off b -c b
Warning (18236): Number of processors has not been specified which may cause overloading on shared machines.  Set the global assignment NUM_PARALLEL_PROCESSORS in your QSF to an appropriate value for best performance.
Info (20030): Parallel compilation is enabled and will use 4 of the 4 processors detected
Info (12021): Found 2 design units, including 1 entities, in source file mainsystem.vhdl
    Info (12022): Found design unit 1: MainSystem-Behaviour File: C:/Users/15645380/Desktop/b/MainSystem.vhdl Line: 16
    Info (12023): Found entity 1: MainSystem File: C:/Users/15645380/Desktop/b/MainSystem.vhdl Line: 6
Info (12021): Found 2 design units, including 1 entities, in source file contador.vhdl
    Info (12022): Found design unit 1: contador-Behaviour File: C:/Users/15645380/Desktop/b/contador.vhdl Line: 17
    Info (12023): Found entity 1: contador File: C:/Users/15645380/Desktop/b/contador.vhdl Line: 6
Info (12021): Found 2 design units, including 1 entities, in source file shifter.vhdl
    Info (12022): Found design unit 1: shifter-Behaviour File: C:/Users/15645380/Desktop/b/shifter.vhdl Line: 15
    Info (12023): Found entity 1: shifter File: C:/Users/15645380/Desktop/b/shifter.vhdl Line: 5
Info (12127): Elaborating entity "MainSystem" for the top level hierarchy
Warning (10492): VHDL Process Statement warning at MainSystem.vhdl(134): signal "enable" is read inside the Process Statement but isn't in the Process Statement's sensitivity list File: C:/Users/15645380/Desktop/b/MainSystem.vhdl Line: 134
Info (12128): Elaborating entity "shifter" for hierarchy "shifter:shift" File: C:/Users/15645380/Desktop/b/MainSystem.vhdl Line: 63
Warning (10492): VHDL Process Statement warning at shifter.vhdl(21): signal "input" is read inside the Process Statement but isn't in the Process Statement's sensitivity list File: C:/Users/15645380/Desktop/b/shifter.vhdl Line: 21
Info (12128): Elaborating entity "contador" for hierarchy "contador:counter05" File: C:/Users/15645380/Desktop/b/MainSystem.vhdl Line: 72
Info (12128): Elaborating entity "contador" for hierarchy "contador:counter15" File: C:/Users/15645380/Desktop/b/MainSystem.vhdl Line: 86
Info (12128): Elaborating entity "contador" for hierarchy "contador:counter_low" File: C:/Users/15645380/Desktop/b/MainSystem.vhdl Line: 100
Warning (13004): Presettable and clearable registers converted to equivalent circuits with latches. Registers power-up to an undefined state, and DEVCLRn places the registers in an undefined state.
    Warning (13310): Register "start" is converted into an equivalent circuit using register "start~_emulated" and latch "start~1" File: C:/Users/15645380/Desktop/b/MainSystem.vhdl Line: 17
    Warning (13310): Register "shifter:shift|aux[3]" is converted into an equivalent circuit using register "shifter:shift|aux[3]~_emulated" and latch "shifter:shift|aux[3]~1" File: C:/Users/15645380/Desktop/b/shifter.vhdl Line: 20
    Warning (13310): Register "shifter:shift|aux[2]" is converted into an equivalent circuit using register "shifter:shift|aux[2]~_emulated" and latch "shifter:shift|aux[2]~5" File: C:/Users/15645380/Desktop/b/shifter.vhdl Line: 20
    Warning (13310): Register "shifter:shift|aux[1]" is converted into an equivalent circuit using register "shifter:shift|aux[1]~_emulated" and latch "shifter:shift|aux[1]~9" File: C:/Users/15645380/Desktop/b/shifter.vhdl Line: 20
Info (286030): Timing-Driven Synthesis is running
Critical Warning (18061): Ignored Power-Up Level option on the following registers
    Critical Warning (18010): Register reset_counter_low will power up to High File: C:/Users/15645380/Desktop/b/MainSystem.vhdl Line: 22
    Critical Warning (18010): Register reset_counter05 will power up to High File: C:/Users/15645380/Desktop/b/MainSystem.vhdl Line: 22
    Critical Warning (18010): Register reset_counter15 will power up to High File: C:/Users/15645380/Desktop/b/MainSystem.vhdl Line: 22
Info (16010): Generating hard_block partition "hard_block:auto_generated_inst"
    Info (16011): Adding 0 node(s), including 0 DDIO, 0 PLL, 0 transceiver and 0 LCELL
Info (21057): Implemented 164 device resources after synthesis - the final resource count might be different
    Info (21058): Implemented 6 input pins
    Info (21059): Implemented 1 output pins
    Info (21061): Implemented 157 logic cells
Info: Quartus Prime Analysis & Synthesis was successful. 0 errors, 12 warnings
    Info: Peak virtual memory: 4862 megabytes
    Info: Processing ended: Tue Oct  1 12:58:23 2024
    Info: Elapsed time: 00:00:09
    Info: Total CPU time (on all processors): 00:00:18


